<?xml version="1.0" encoding="UTF-8" ?>
<testsuite errors="0" failures="0" hostname="Gaurang-R" name="com.xoriant.test.suite.EmployeeTestSuite" tests="3" time="0.34" timestamp="2015-08-25T11:46:58">
  <properties>
[...]
</properties>
  <testcase classname="com.xoriant.resourcestest.EmployeeResourceTest" name="getEmployeeSuccessTest" time="0.276" />
  <testcase classname="com.xoriant.resourcestest.EmployeeResourceTest" name="getAllEmployeesNullTest" time="0.0" />
  <testcase classname="com.xoriant.resourcestest.EmployeeResourceTest" name="getEmployeeFailTest" time="0.002" />
  <system-out><![CDATA[]]></system-out>
  <system-err><![CDATA[]]></system-err>
</testsuite>
